01/mai/2013 21:42:50   - End event threw exception
java.lang.reflect.InvocationTargetException
	at sun.reflect.NativeMethodAccessorImpl.invoke0(Native Method)
	at sun.reflect.NativeMethodAccessorImpl.invoke(NativeMethodAccessorImpl.java:39)
	at sun.reflect.DelegatingMethodAccessorImpl.invoke(DelegatingMethodAccessorImpl.java:25)
	at java.lang.reflect.Method.invoke(Method.java:585)
	at org.apache.commons.beanutils.MethodUtils.invokeMethod(MethodUtils.java:216)
	at org.apache.commons.digester.CallMethodRule.end(CallMethodRule.java:626)
	at org.apache.commons.configuration.ConfigurationFactory$CallOptionalMethodRule.end(ConfigurationFactory.java:877)
	at org.apache.commons.digester.Rule.end(Rule.java:253)
	at org.apache.commons.digester.Digester.endElement(Digester.java:1222)
	at org.apache.xerces.parsers.AbstractSAXParser.endElement(Unknown Source)
	at org.apache.xerces.parsers.AbstractXMLDocumentParser.emptyElement(Unknown Source)
	at org.apache.xerces.impl.XMLDocumentFragmentScannerImpl.scanStartElement(Unknown Source)
	at org.apache.xerces.impl.XMLDocumentFragmentScannerImpl$FragmentContentDispatcher.dispatch(Unknown Source)
	at org.apache.xerces.impl.XMLDocumentFragmentScannerImpl.scanDocument(Unknown Source)
	at org.apache.xerces.parsers.XML11Configuration.parse(Unknown Source)
	at org.apache.xerces.parsers.XML11Configuration.parse(Unknown Source)
	at org.apache.xerces.parsers.XMLParser.parse(Unknown Source)
	at org.apache.xerces.parsers.AbstractSAXParser.parse(Unknown Source)
	at org.apache.commons.digester.Digester.parse(Digester.java:1765)
	at org.apache.commons.configuration.ConfigurationFactory.getConfiguration(ConfigurationFactory.java:184)
	at com.thales.palma.logsmigration.LogsMigrationAction.main(LogsMigrationAction.java:678)
Caused by: org.apache.commons.configuration.ConfigurationException: Cannot locate configuration source csv_migration.properties
	at org.apache.commons.configuration.AbstractFileConfiguration.load(AbstractFileConfiguration.java:217)
	at org.apache.commons.configuration.AbstractFileConfiguration.load(AbstractFileConfiguration.java:197)
	... 21 more
01/mai/2013 21:42:50   - SAX Exception caught
org.apache.commons.configuration.ConfigurationException: Cannot locate configuration source csv_migration.properties
	at org.apache.commons.digester.Digester.createSAXException(Digester.java:3181)
	at org.apache.commons.digester.Digester.createSAXException(Digester.java:3207)
	at org.apache.commons.digester.Digester.endElement(Digester.java:1225)
	at org.apache.xerces.parsers.AbstractSAXParser.endElement(Unknown Source)
	at org.apache.xerces.parsers.AbstractXMLDocumentParser.emptyElement(Unknown Source)
	at org.apache.xerces.impl.XMLDocumentFragmentScannerImpl.scanStartElement(Unknown Source)
	at org.apache.xerces.impl.XMLDocumentFragmentScannerImpl$FragmentContentDispatcher.dispatch(Unknown Source)
	at org.apache.xerces.impl.XMLDocumentFragmentScannerImpl.scanDocument(Unknown Source)
	at org.apache.xerces.parsers.XML11Configuration.parse(Unknown Source)
	at org.apache.xerces.parsers.XML11Configuration.parse(Unknown Source)
	at org.apache.xerces.parsers.XMLParser.parse(Unknown Source)
	at org.apache.xerces.parsers.AbstractSAXParser.parse(Unknown Source)
	at org.apache.commons.digester.Digester.parse(Digester.java:1765)
	at org.apache.commons.configuration.ConfigurationFactory.getConfiguration(ConfigurationFactory.java:184)
	at com.thales.palma.logsmigration.LogsMigrationAction.main(LogsMigrationAction.java:678)
01/mai/2013 21:43:24   - End event threw exception
java.lang.reflect.InvocationTargetException
	at sun.reflect.NativeMethodAccessorImpl.invoke0(Native Method)
	at sun.reflect.NativeMethodAccessorImpl.invoke(NativeMethodAccessorImpl.java:39)
	at sun.reflect.DelegatingMethodAccessorImpl.invoke(DelegatingMethodAccessorImpl.java:25)
	at java.lang.reflect.Method.invoke(Method.java:585)
	at org.apache.commons.beanutils.MethodUtils.invokeMethod(MethodUtils.java:216)
	at org.apache.commons.digester.CallMethodRule.end(CallMethodRule.java:626)
	at org.apache.commons.configuration.ConfigurationFactory$CallOptionalMethodRule.end(ConfigurationFactory.java:877)
	at org.apache.commons.digester.Rule.end(Rule.java:253)
	at org.apache.commons.digester.Digester.endElement(Digester.java:1222)
	at org.apache.xerces.parsers.AbstractSAXParser.endElement(Unknown Source)
	at org.apache.xerces.parsers.AbstractXMLDocumentParser.emptyElement(Unknown Source)
	at org.apache.xerces.impl.XMLDocumentFragmentScannerImpl.scanStartElement(Unknown Source)
	at org.apache.xerces.impl.XMLDocumentFragmentScannerImpl$FragmentContentDispatcher.dispatch(Unknown Source)
	at org.apache.xerces.impl.XMLDocumentFragmentScannerImpl.scanDocument(Unknown Source)
	at org.apache.xerces.parsers.XML11Configuration.parse(Unknown Source)
	at org.apache.xerces.parsers.XML11Configuration.parse(Unknown Source)
	at org.apache.xerces.parsers.XMLParser.parse(Unknown Source)
	at org.apache.xerces.parsers.AbstractSAXParser.parse(Unknown Source)
	at org.apache.commons.digester.Digester.parse(Digester.java:1765)
	at org.apache.commons.configuration.ConfigurationFactory.getConfiguration(ConfigurationFactory.java:184)
	at com.thales.palma.logsmigration.LogsMigrationAction.main(LogsMigrationAction.java:678)
Caused by: org.apache.commons.configuration.ConfigurationException: Cannot locate configuration source csv_migration.properties
	at org.apache.commons.configuration.AbstractFileConfiguration.load(AbstractFileConfiguration.java:217)
	at org.apache.commons.configuration.AbstractFileConfiguration.load(AbstractFileConfiguration.java:197)
	... 21 more
01/mai/2013 21:43:24   - SAX Exception caught
org.apache.commons.configuration.ConfigurationException: Cannot locate configuration source csv_migration.properties
	at org.apache.commons.digester.Digester.createSAXException(Digester.java:3181)
	at org.apache.commons.digester.Digester.createSAXException(Digester.java:3207)
	at org.apache.commons.digester.Digester.endElement(Digester.java:1225)
	at org.apache.xerces.parsers.AbstractSAXParser.endElement(Unknown Source)
	at org.apache.xerces.parsers.AbstractXMLDocumentParser.emptyElement(Unknown Source)
	at org.apache.xerces.impl.XMLDocumentFragmentScannerImpl.scanStartElement(Unknown Source)
	at org.apache.xerces.impl.XMLDocumentFragmentScannerImpl$FragmentContentDispatcher.dispatch(Unknown Source)
	at org.apache.xerces.impl.XMLDocumentFragmentScannerImpl.scanDocument(Unknown Source)
	at org.apache.xerces.parsers.XML11Configuration.parse(Unknown Source)
	at org.apache.xerces.parsers.XML11Configuration.parse(Unknown Source)
	at org.apache.xerces.parsers.XMLParser.parse(Unknown Source)
	at org.apache.xerces.parsers.AbstractSAXParser.parse(Unknown Source)
	at org.apache.commons.digester.Digester.parse(Digester.java:1765)
	at org.apache.commons.configuration.ConfigurationFactory.getConfiguration(ConfigurationFactory.java:184)
	at com.thales.palma.logsmigration.LogsMigrationAction.main(LogsMigrationAction.java:678)
01/mai/2013 21:44:19   - End event threw exception
java.lang.reflect.InvocationTargetException
	at sun.reflect.NativeMethodAccessorImpl.invoke0(Native Method)
	at sun.reflect.NativeMethodAccessorImpl.invoke(NativeMethodAccessorImpl.java:39)
	at sun.reflect.DelegatingMethodAccessorImpl.invoke(DelegatingMethodAccessorImpl.java:25)
	at java.lang.reflect.Method.invoke(Method.java:585)
	at org.apache.commons.beanutils.MethodUtils.invokeMethod(MethodUtils.java:216)
	at org.apache.commons.digester.CallMethodRule.end(CallMethodRule.java:626)
	at org.apache.commons.configuration.ConfigurationFactory$CallOptionalMethodRule.end(ConfigurationFactory.java:877)
	at org.apache.commons.digester.Rule.end(Rule.java:253)
	at org.apache.commons.digester.Digester.endElement(Digester.java:1222)
	at org.apache.xerces.parsers.AbstractSAXParser.endElement(Unknown Source)
	at org.apache.xerces.parsers.AbstractXMLDocumentParser.emptyElement(Unknown Source)
	at org.apache.xerces.impl.XMLDocumentFragmentScannerImpl.scanStartElement(Unknown Source)
	at org.apache.xerces.impl.XMLDocumentFragmentScannerImpl$FragmentContentDispatcher.dispatch(Unknown Source)
	at org.apache.xerces.impl.XMLDocumentFragmentScannerImpl.scanDocument(Unknown Source)
	at org.apache.xerces.parsers.XML11Configuration.parse(Unknown Source)
	at org.apache.xerces.parsers.XML11Configuration.parse(Unknown Source)
	at org.apache.xerces.parsers.XMLParser.parse(Unknown Source)
	at org.apache.xerces.parsers.AbstractSAXParser.parse(Unknown Source)
	at org.apache.commons.digester.Digester.parse(Digester.java:1765)
	at org.apache.commons.configuration.ConfigurationFactory.getConfiguration(ConfigurationFactory.java:184)
	at com.thales.palma.logsmigration.LogsMigrationAction.main(LogsMigrationAction.java:678)
Caused by: org.apache.commons.configuration.ConfigurationException: Cannot locate configuration source csv_migration.properties
	at org.apache.commons.configuration.AbstractFileConfiguration.load(AbstractFileConfiguration.java:217)
	at org.apache.commons.configuration.AbstractFileConfiguration.load(AbstractFileConfiguration.java:197)
	... 21 more
01/mai/2013 21:44:19   - SAX Exception caught
org.apache.commons.configuration.ConfigurationException: Cannot locate configuration source csv_migration.properties
	at org.apache.commons.digester.Digester.createSAXException(Digester.java:3181)
	at org.apache.commons.digester.Digester.createSAXException(Digester.java:3207)
	at org.apache.commons.digester.Digester.endElement(Digester.java:1225)
	at org.apache.xerces.parsers.AbstractSAXParser.endElement(Unknown Source)
	at org.apache.xerces.parsers.AbstractXMLDocumentParser.emptyElement(Unknown Source)
	at org.apache.xerces.impl.XMLDocumentFragmentScannerImpl.scanStartElement(Unknown Source)
	at org.apache.xerces.impl.XMLDocumentFragmentScannerImpl$FragmentContentDispatcher.dispatch(Unknown Source)
	at org.apache.xerces.impl.XMLDocumentFragmentScannerImpl.scanDocument(Unknown Source)
	at org.apache.xerces.parsers.XML11Configuration.parse(Unknown Source)
	at org.apache.xerces.parsers.XML11Configuration.parse(Unknown Source)
	at org.apache.xerces.parsers.XMLParser.parse(Unknown Source)
	at org.apache.xerces.parsers.AbstractSAXParser.parse(Unknown Source)
	at org.apache.commons.digester.Digester.parse(Digester.java:1765)
	at org.apache.commons.configuration.ConfigurationFactory.getConfiguration(ConfigurationFactory.java:184)
	at com.thales.palma.logsmigration.LogsMigrationAction.main(LogsMigrationAction.java:678)
01/mai/2013 21:45:23   - End event threw exception
java.lang.reflect.InvocationTargetException
	at sun.reflect.NativeMethodAccessorImpl.invoke0(Native Method)
	at sun.reflect.NativeMethodAccessorImpl.invoke(NativeMethodAccessorImpl.java:39)
	at sun.reflect.DelegatingMethodAccessorImpl.invoke(DelegatingMethodAccessorImpl.java:25)
	at java.lang.reflect.Method.invoke(Method.java:585)
	at org.apache.commons.beanutils.MethodUtils.invokeMethod(MethodUtils.java:216)
	at org.apache.commons.digester.CallMethodRule.end(CallMethodRule.java:626)
	at org.apache.commons.configuration.ConfigurationFactory$CallOptionalMethodRule.end(ConfigurationFactory.java:877)
	at org.apache.commons.digester.Rule.end(Rule.java:253)
	at org.apache.commons.digester.Digester.endElement(Digester.java:1222)
	at org.apache.xerces.parsers.AbstractSAXParser.endElement(Unknown Source)
	at org.apache.xerces.parsers.AbstractXMLDocumentParser.emptyElement(Unknown Source)
	at org.apache.xerces.impl.XMLDocumentFragmentScannerImpl.scanStartElement(Unknown Source)
	at org.apache.xerces.impl.XMLDocumentFragmentScannerImpl$FragmentContentDispatcher.dispatch(Unknown Source)
	at org.apache.xerces.impl.XMLDocumentFragmentScannerImpl.scanDocument(Unknown Source)
	at org.apache.xerces.parsers.XML11Configuration.parse(Unknown Source)
	at org.apache.xerces.parsers.XML11Configuration.parse(Unknown Source)
	at org.apache.xerces.parsers.XMLParser.parse(Unknown Source)
	at org.apache.xerces.parsers.AbstractSAXParser.parse(Unknown Source)
	at org.apache.commons.digester.Digester.parse(Digester.java:1765)
	at org.apache.commons.configuration.ConfigurationFactory.getConfiguration(ConfigurationFactory.java:184)
	at com.thales.palma.logsmigration.LogsMigrationAction.main(LogsMigrationAction.java:678)
Caused by: org.apache.commons.configuration.ConfigurationException: Cannot locate configuration source csv_migration.properties
	at org.apache.commons.configuration.AbstractFileConfiguration.load(AbstractFileConfiguration.java:217)
	at org.apache.commons.configuration.AbstractFileConfiguration.load(AbstractFileConfiguration.java:197)
	... 21 more
01/mai/2013 21:45:23   - SAX Exception caught
org.apache.commons.configuration.ConfigurationException: Cannot locate configuration source csv_migration.properties
	at org.apache.commons.digester.Digester.createSAXException(Digester.java:3181)
	at org.apache.commons.digester.Digester.createSAXException(Digester.java:3207)
	at org.apache.commons.digester.Digester.endElement(Digester.java:1225)
	at org.apache.xerces.parsers.AbstractSAXParser.endElement(Unknown Source)
	at org.apache.xerces.parsers.AbstractXMLDocumentParser.emptyElement(Unknown Source)
	at org.apache.xerces.impl.XMLDocumentFragmentScannerImpl.scanStartElement(Unknown Source)
	at org.apache.xerces.impl.XMLDocumentFragmentScannerImpl$FragmentContentDispatcher.dispatch(Unknown Source)
	at org.apache.xerces.impl.XMLDocumentFragmentScannerImpl.scanDocument(Unknown Source)
	at org.apache.xerces.parsers.XML11Configuration.parse(Unknown Source)
	at org.apache.xerces.parsers.XML11Configuration.parse(Unknown Source)
	at org.apache.xerces.parsers.XMLParser.parse(Unknown Source)
	at org.apache.xerces.parsers.AbstractSAXParser.parse(Unknown Source)
	at org.apache.commons.digester.Digester.parse(Digester.java:1765)
	at org.apache.commons.configuration.ConfigurationFactory.getConfiguration(ConfigurationFactory.java:184)
	at com.thales.palma.logsmigration.LogsMigrationAction.main(LogsMigrationAction.java:678)
01/mai/2013 21:45:36   - End event threw exception
java.lang.reflect.InvocationTargetException
	at sun.reflect.NativeMethodAccessorImpl.invoke0(Native Method)
	at sun.reflect.NativeMethodAccessorImpl.invoke(NativeMethodAccessorImpl.java:39)
	at sun.reflect.DelegatingMethodAccessorImpl.invoke(DelegatingMethodAccessorImpl.java:25)
	at java.lang.reflect.Method.invoke(Method.java:585)
	at org.apache.commons.beanutils.MethodUtils.invokeMethod(MethodUtils.java:216)
	at org.apache.commons.digester.CallMethodRule.end(CallMethodRule.java:626)
	at org.apache.commons.configuration.ConfigurationFactory$CallOptionalMethodRule.end(ConfigurationFactory.java:877)
	at org.apache.commons.digester.Rule.end(Rule.java:253)
	at org.apache.commons.digester.Digester.endElement(Digester.java:1222)
	at org.apache.xerces.parsers.AbstractSAXParser.endElement(Unknown Source)
	at org.apache.xerces.parsers.AbstractXMLDocumentParser.emptyElement(Unknown Source)
	at org.apache.xerces.impl.XMLDocumentFragmentScannerImpl.scanStartElement(Unknown Source)
	at org.apache.xerces.impl.XMLDocumentFragmentScannerImpl$FragmentContentDispatcher.dispatch(Unknown Source)
	at org.apache.xerces.impl.XMLDocumentFragmentScannerImpl.scanDocument(Unknown Source)
	at org.apache.xerces.parsers.XML11Configuration.parse(Unknown Source)
	at org.apache.xerces.parsers.XML11Configuration.parse(Unknown Source)
	at org.apache.xerces.parsers.XMLParser.parse(Unknown Source)
	at org.apache.xerces.parsers.AbstractSAXParser.parse(Unknown Source)
	at org.apache.commons.digester.Digester.parse(Digester.java:1765)
	at org.apache.commons.configuration.ConfigurationFactory.getConfiguration(ConfigurationFactory.java:184)
	at com.thales.palma.logsmigration.LogsMigrationAction.main(LogsMigrationAction.java:678)
Caused by: org.apache.commons.configuration.ConfigurationException: Cannot locate configuration source csv_migration.properties
	at org.apache.commons.configuration.AbstractFileConfiguration.load(AbstractFileConfiguration.java:217)
	at org.apache.commons.configuration.AbstractFileConfiguration.load(AbstractFileConfiguration.java:197)
	... 21 more
01/mai/2013 21:45:36   - SAX Exception caught
org.apache.commons.configuration.ConfigurationException: Cannot locate configuration source csv_migration.properties
	at org.apache.commons.digester.Digester.createSAXException(Digester.java:3181)
	at org.apache.commons.digester.Digester.createSAXException(Digester.java:3207)
	at org.apache.commons.digester.Digester.endElement(Digester.java:1225)
	at org.apache.xerces.parsers.AbstractSAXParser.endElement(Unknown Source)
	at org.apache.xerces.parsers.AbstractXMLDocumentParser.emptyElement(Unknown Source)
	at org.apache.xerces.impl.XMLDocumentFragmentScannerImpl.scanStartElement(Unknown Source)
	at org.apache.xerces.impl.XMLDocumentFragmentScannerImpl$FragmentContentDispatcher.dispatch(Unknown Source)
	at org.apache.xerces.impl.XMLDocumentFragmentScannerImpl.scanDocument(Unknown Source)
	at org.apache.xerces.parsers.XML11Configuration.parse(Unknown Source)
	at org.apache.xerces.parsers.XML11Configuration.parse(Unknown Source)
	at org.apache.xerces.parsers.XMLParser.parse(Unknown Source)
	at org.apache.xerces.parsers.AbstractSAXParser.parse(Unknown Source)
	at org.apache.commons.digester.Digester.parse(Digester.java:1765)
	at org.apache.commons.configuration.ConfigurationFactory.getConfiguration(ConfigurationFactory.java:184)
	at com.thales.palma.logsmigration.LogsMigrationAction.main(LogsMigrationAction.java:678)
01/mai/2013 21:46:07   - End event threw exception
java.lang.reflect.InvocationTargetException
	at sun.reflect.NativeMethodAccessorImpl.invoke0(Native Method)
	at sun.reflect.NativeMethodAccessorImpl.invoke(NativeMethodAccessorImpl.java:39)
	at sun.reflect.DelegatingMethodAccessorImpl.invoke(DelegatingMethodAccessorImpl.java:25)
	at java.lang.reflect.Method.invoke(Method.java:585)
	at org.apache.commons.beanutils.MethodUtils.invokeMethod(MethodUtils.java:216)
	at org.apache.commons.digester.CallMethodRule.end(CallMethodRule.java:626)
	at org.apache.commons.configuration.ConfigurationFactory$CallOptionalMethodRule.end(ConfigurationFactory.java:877)
	at org.apache.commons.digester.Rule.end(Rule.java:253)
	at org.apache.commons.digester.Digester.endElement(Digester.java:1222)
	at org.apache.xerces.parsers.AbstractSAXParser.endElement(Unknown Source)
	at org.apache.xerces.parsers.AbstractXMLDocumentParser.emptyElement(Unknown Source)
	at org.apache.xerces.impl.XMLDocumentFragmentScannerImpl.scanStartElement(Unknown Source)
	at org.apache.xerces.impl.XMLDocumentFragmentScannerImpl$FragmentContentDispatcher.dispatch(Unknown Source)
	at org.apache.xerces.impl.XMLDocumentFragmentScannerImpl.scanDocument(Unknown Source)
	at org.apache.xerces.parsers.XML11Configuration.parse(Unknown Source)
	at org.apache.xerces.parsers.XML11Configuration.parse(Unknown Source)
	at org.apache.xerces.parsers.XMLParser.parse(Unknown Source)
	at org.apache.xerces.parsers.AbstractSAXParser.parse(Unknown Source)
	at org.apache.commons.digester.Digester.parse(Digester.java:1765)
	at org.apache.commons.configuration.ConfigurationFactory.getConfiguration(ConfigurationFactory.java:184)
	at com.thales.palma.logsmigration.LogsMigrationAction.main(LogsMigrationAction.java:678)
Caused by: org.apache.commons.configuration.ConfigurationException: Cannot locate configuration source csv_migration.properties
	at org.apache.commons.configuration.AbstractFileConfiguration.load(AbstractFileConfiguration.java:217)
	at org.apache.commons.configuration.AbstractFileConfiguration.load(AbstractFileConfiguration.java:197)
	... 21 more
01/mai/2013 21:46:07   - SAX Exception caught
org.apache.commons.configuration.ConfigurationException: Cannot locate configuration source csv_migration.properties
	at org.apache.commons.digester.Digester.createSAXException(Digester.java:3181)
	at org.apache.commons.digester.Digester.createSAXException(Digester.java:3207)
	at org.apache.commons.digester.Digester.endElement(Digester.java:1225)
	at org.apache.xerces.parsers.AbstractSAXParser.endElement(Unknown Source)
	at org.apache.xerces.parsers.AbstractXMLDocumentParser.emptyElement(Unknown Source)
	at org.apache.xerces.impl.XMLDocumentFragmentScannerImpl.scanStartElement(Unknown Source)
	at org.apache.xerces.impl.XMLDocumentFragmentScannerImpl$FragmentContentDispatcher.dispatch(Unknown Source)
	at org.apache.xerces.impl.XMLDocumentFragmentScannerImpl.scanDocument(Unknown Source)
	at org.apache.xerces.parsers.XML11Configuration.parse(Unknown Source)
	at org.apache.xerces.parsers.XML11Configuration.parse(Unknown Source)
	at org.apache.xerces.parsers.XMLParser.parse(Unknown Source)
	at org.apache.xerces.parsers.AbstractSAXParser.parse(Unknown Source)
	at org.apache.commons.digester.Digester.parse(Digester.java:1765)
	at org.apache.commons.configuration.ConfigurationFactory.getConfiguration(ConfigurationFactory.java:184)
	at com.thales.palma.logsmigration.LogsMigrationAction.main(LogsMigrationAction.java:678)
